MPASM 5.71               CONTADOR_0_A_99.ASM   4-7-2024  23:02:21         PAGE  1


LOC  OBJECT CODE     LINE SOURCE TEXT
  VALUE

                      00001 ; PIC16F628A Configuration Bit Settings
                      00002 ; Assembly source line config statements
                      00003 #include "p16f628a.inc"
                      00001         LIST
                      00002 
                      00003 ;==========================================================================
                      00004 ; Build date : Nov 17 2016
                      00005 ;  MPASM PIC16F628A processor include
                      00006 ; 
                      00007 ;  (c) Copyright 1999-2016 Microchip Technology, All rights reserved
                      00008 ;==========================================================================
                      00009 
                      00386         LIST
                      00004 ; CONFIG
                      00005 ; __config 0xFF70
2007   3F70           00006  __CONFIG _FOSC_INTOSCIO & _WDTE_OFF & _PWRTE_ON & _MCLRE_ON & _BOREN_ON & _LVP_OFF & _CPD_OFF & _CP_OFF
                      00007 
                      00008 #define BANK0   BCF STATUS,RP0
                      00009 #define BANK1   BSF STATUS,RP0
                      00010  
                      00011 ;nomeando posição da memória RAM 
                      00012  CBLOCK 0x20
  00000020            00013     FLAGS       ;0x20
  00000021            00014     CONTADOR2   ;0x21
  00000022            00015     UNIDADE     ;0x22
  00000023            00016     DEZENA      ;0x23
  00000024            00017     W_TEMP      ;0x24
  00000025            00018     STATUS_TEMP ;0x25
  00000026            00019     CONTADOR    ;0x26
                      00020  ENDC
                      00021  
                      00022 ;entradas
                      00023 #define     B_INICIAR       PORTA,1
                      00024 #define     BOTAO_REVERSO   PORTA,2
                      00025 #define     B_PARAR         PORTA,3
                      00026 #define     B_ZERAR         PORTA,4
                      00027  
                      00028 ;saídas
                      00029 #define     DISPLAYS        PORTB
                      00030 #define     QUAL_DISPLAY    PORTB,4
                      00031 #define     LED             PORTA,0    
                      00032 ;variáveis
                      00033 #define    JA_LI            FLAGS,0
                      00034 #define    INT_ATIVA        FLAGS,1
                      00035 #define    FIM_TEMPO        FLAGS,2
                      00036 #define    CONTANDO         FLAGS,3
                      00037 #define    FIM_LED          FLAGS,4 
                      00038 
                      00039 ;constantes 
  00000006            00040 V_TMR0      equ     .6
  00000064            00041 V_FILTRO    equ     .100
  0000007D            00042 V_CONT      equ     .125    
  00000002            00043 V_CONT2     equ     .2
MPASM 5.71               CONTADOR_0_A_99.ASM   4-7-2024  23:02:21         PAGE  2


LOC  OBJECT CODE     LINE SOURCE TEXT
  VALUE

                      00044 ;=== programa ==============
                      00045 RES_VECT    CODE    0x0000    ;vetor de reset, indica a posição inicial do programa na FLASH
0000   2???           00046     GOTO    INICIO
                      00047 
                      00048 ISR         CODE    0x0004      ; interrupt vector location
0004   00A4           00049     MOVWF   W_TEMP              ;salva o conteúdo de W em W_TEMP            
0005   0803           00050     MOVF    STATUS,W            ;W = STATUS
0006   00A5           00051     MOVWF   STATUS_TEMP         ;salva o conteúdo de STATUS em STATUS_TEMP
0007   1D0B           00052     BTFSS   INTCON,T0IF         ;testa se o indicador de interrupção por TMR0 está ativo
0008   2???           00053     GOTO    SAI_INTERRUPCAO     ;se não estiver, pula para SAI_INTERRUPCAO
0009   110B           00054     BCF     INTCON,T0IF         ;zera o flag indicador de interrupção por TMR0
000A   3006           00055     MOVLW   V_TMR0              ;W = V_TMR0
000B   0781           00056     ADDWF   TMR0,F              ;TMR0 = TMR0 + V_TMR0
000C   14A0           00057     BSF     INT_ATIVA           ;INT_ATIVA = 1
000D   0BA6           00058     DECFSZ  CONTADOR,F          ;decrementa CONTADAOR e testa se é zero
000E   2???           00059     GOTO    SAI_INTERRUPCAO     ;se não for zero, pula para SAI_INTERRUPCAO
000F   307D           00060     MOVLW   V_CONT              ;W = V_CONT
0010   00A6           00061     MOVWF   CONTADOR            ;CONTADOR = V_CONT
0011   1620           00062     BSF     FIM_LED             ;FIM_LED
0012   0BA1           00063     DECFSZ  CONTADOR2,F         ;decrementa CONTADOR2 e testa se é zero
0013   2???           00064     GOTO    SAI_INTERRUPCAO     ;se não for zero, pula para SAI_INTERRUPCAO
0014   1520           00065     BSF     FIM_TEMPO           ;FIM_TEMPO = 1
0015   3002           00066     MOVLW   V_CONT2             ;W = V_CONT2
0016   00A1           00067     MOVWF   CONTADOR2           ;CONTADOR2 = V_CONT2    
0017                  00068 SAI_INTERRUPCAO
0017   0825           00069     MOVF    STATUS_TEMP,W       ;W = STATUS_TEMP
0018   0083           00070     MOVWF   STATUS              ;restaura o conteúdo de STATUS
0019   0824           00071     MOVF    W_TEMP,W            ;restaura o conteúdo de W       
001A   0009           00072     RETFIE    
                      00073 
001B                  00074 INICIO  
001B   1683           00075     BANK1                   ;seleciona o banco 1 da memória RAM
001C   3000           00076     MOVLW   B'00000000'     ;W =  B'11110000' (240)
Message[302]: Register in operand not in bank 0.  Ensure that bank bits are correct.
001D   0086           00077     MOVWF   TRISB           ;TRISB = B'11110000' (240)    
Message[302]: Register in operand not in bank 0.  Ensure that bank bits are correct.
001E   1005           00078     BCF     TRISA,0
001F   30D3           00079     MOVLW   B'11010011'     ;palavra de configuração do TMR0
Message[302]: Register in operand not in bank 0.  Ensure that bank bits are correct.
0020   0081           00080     MOVWF   OPTION_REG      ;carrega a palavra de configuração do TMR0 no OPTION_REG
0021   1283           00081     BANK0                   ;seleciona o banco 0 da memória RAM
0022   01A2           00082     CLRF    UNIDADE         ;UNIDADE = 0
0023   01A3           00083     CLRF    DEZENA          ;DEZENA = 0
0024   168B           00084     BSF     INTCON,T0IE     ;permite atender interrupção por TMR0    
0025   178B           00085     BSF     INTCON,GIE      ;permite atender interrupções  
0026                  00086 LACO_PRINCIPAL
0026   18A0           00087     BTFSC   INT_ATIVA       ;testa se o bit indicador de tempo 4ms está ativo
0027   2???           00088     CALL    TROCA_DISPLAY   ;se INT_ATIVA = 1, chama sub-rotina TROCA_DISPLAY
0028   1DA0           00089     BTFSS   CONTANDO        ;testa se CONTANDO = 1
0029   2???           00090     GOTO    PARADO          ;se não, pule para PARADO     
002A   1D85           00091     BTFSS   B_PARAR         ;testa se o botão B_PARAR está liberado     
002B   2???           00092     GOTO    B_PARAR_PRESS   ;se pressionado pule para B_PARAR_PRESS
002C   1A20           00093     BTFSC   FIM_LED         ;testa se o FIM_LED = 0
MPASM 5.71               CONTADOR_0_A_99.ASM   4-7-2024  23:02:21         PAGE  3


LOC  OBJECT CODE     LINE SOURCE TEXT
  VALUE

002D   2???           00094     CALL    TROCA_LED       ;se FIM_LED = 1, chama a rotina de troca de estado do LED 
002E   1D20           00095     BTFSS   FIM_TEMPO       ;testa se o FIM_TEMPO = 1
002F   2???           00096     GOTO    LACO_PRINCIPAL  ;se FIM_TEMPO = 0, pula para  LACO_PRINCIPAL
0030   1120           00097     BCF     FIM_TEMPO       ;FIM_TEMPO = 0
0031   0AA2           00098     INCF    UNIDADE,F       ;UNIDADE++
0032   300A           00099     MOVLW   .10             ;W = 10 (B'00001010' ou 0x0A)
0033   0222           00100     SUBWF   UNIDADE,W       ;W = UNIDADE - W
0034   1C03           00101     BTFSS   STATUS,C        ;testa se o resultado é positivo
0035   2???           00102     GOTO    LACO_PRINCIPAL  ;se resutado for negativo, pula para LACO_PRINCIPAL
0036   01A2           00103     CLRF    UNIDADE         ;UNIDADE = 0
0037   0AA3           00104     INCF    DEZENA,F        ;DEZENA++
0038   300A           00105     MOVLW   .10             ;W = 10 (B'00001010' ou 0x0A)
0039   0223           00106     SUBWF   DEZENA,W        ;W = DEZENA - W
003A   1803           00107     BTFSC   STATUS,C        ;testa se o resultado é negativo
003B   01A3           00108     CLRF    DEZENA          ;DEZENA = 0
003C   2???           00109     GOTO    LACO_PRINCIPAL  ;pula para LACO_PRINCIPAL  
                      00110   
003D                  00111 B_PARAR_PRESS
003D   11A0           00112     BCF     CONTANDO        ;CONTANDO = 0 
003E   1005           00113     BCF     LED             ;LED = 0
003F   2???           00114     GOTO    LACO_PRINCIPAL  ;pula para LACO_PRINCIPAL 
0040                  00115 PARADO
0040   1C85           00116     BTFSS   B_INICIAR       ;testa se o botão B_INICIAR está liberado
0041   2???           00117     GOTO    B_INICIAR_PRESS ;se pressionado pule para B_INICIAR_PRESS
0042   1A05           00118     BTFSC   B_ZERAR         ;testa se o botão B_ZERAR está liberado
0043   2???           00119     GOTO    LACO_PRINCIPAL  ;se não pressionado pule para LACO_PRINCIPAL 
0044   01A2           00120     CLRF    UNIDADE         ;UNIDADE = 0  
0045   01A3           00121     CLRF    DEZENA          ;DEZENA = 0
0046   2???           00122     GOTO    LACO_PRINCIPAL  ;pula para LACO_PRINCIPAL
                      00123  
0047                  00124 B_INICIAR_PRESS
0047   15A0           00125     BSF     CONTANDO        ;CONTANDO = 1
0048   1120           00126     BCF     FIM_TEMPO       ;FIM_TEMPO = 0
0049   1220           00127     BCF     FIM_LED         ;FIM_LED = 0    
004A   307D           00128     MOVLW   V_CONT          ;W = V_CONT
004B   00A6           00129     MOVWF   CONTADOR        ;CONTADOR = V_CONT
004C   3002           00130     MOVLW   V_CONT2         ;W = V_CONT2
004D   00A1           00131     MOVWF   CONTADOR2       ;CONTADOR2 = V_CONT2
004E   1405           00132     BSF     LED             ;LED = 1
004F   2???           00133     GOTO    LACO_PRINCIPAL  ;pula para LACO_PRINCIPAL    
                      00134  
0050                  00135 TROCA_LED
0050   1220           00136     BCF     FIM_LED         ;FIM_LED = 0
0051   1C05           00137     BTFSS   LED             ;testa se LED = 1
0052   2???           00138     GOTO    ACENDE_LED      ;se LED = 0, pula para ACENDE_LED
0053   1005           00139     BCF     LED             ;se LED = 0, apaga o LED
0054   0008           00140     RETURN                  ;retorna da chamada de subrotina  
0055                  00141 ACENDE_LED
0055   1405           00142     BSF     LED             ;LED = 1
0056   0008           00143     RETURN                  ;retorna da chamada de subrotina
                      00144     
0057                  00145 TROCA_DISPLAY
0057   10A0           00146     BCF     INT_ATIVA       ;INT_ATIVA = 0
MPASM 5.71               CONTADOR_0_A_99.ASM   4-7-2024  23:02:21         PAGE  4


LOC  OBJECT CODE     LINE SOURCE TEXT
  VALUE

0058   1E06           00147     BTFSS   QUAL_DISPLAY    ;testa se o display da UNIDADE está acesso
0059   2???           00148     GOTO    ACENDE_UNIDADE  ;se DEZENA está acesa, pula para ACENDE_UNIDADE
005A                  00149 ACENDE_DEZENA
005A   0823           00150     MOVF    DEZENA,W        ;W = DEZENA
005B   2???           00151     CALL    BUSCA_CODIGO    ;chama a subrotina para buscar o código de 7 segmentos
005C   39EF           00152     ANDLW   B'11101111'     ;
005D   0086           00153     MOVWF   DISPLAYS        ;DISPLAYS = W (código de 7 segmentos)
005E   0008           00154     RETURN                  ;retorna da chamada de subrotina
005F                  00155 ACENDE_UNIDADE    
005F   0822           00156     MOVF    UNIDADE,W       ;W = UNIDADE
0060   2???           00157     CALL    BUSCA_CODIGO    ;chama a subrotina para buscar o código de 7 segmentos
0061   0086           00158     MOVWF   DISPLAYS        ;DISPLAYS = W (código de 7 segmentos)
0062   0008           00159     RETURN                  ;retorna da chamada de subrotina    
                      00160     
0063                  00161 BUSCA_CODIGO
0063   0782           00162     ADDWF   PCL,F           
0064   34FE           00163     RETLW   B'11111110'     ;254   
0065   3438           00164     RETLW   B'00111000'     ;56
0066   34DD           00165     RETLW   B'11011101'     ;221
0067   347D           00166     RETLW   B'01111101'     ;125
0068   343B           00167     RETLW   B'00111011'     ;59
0069   3477           00168     RETLW   B'01110111'     ;119
006A   34F7           00169     RETLW   B'11110111'     ;247
006B   343C           00170     RETLW   B'00111100'     ;60
006C   34FF           00171     RETLW   B'11111111'     ;255
006D   347F           00172     RETLW   B'01111111'     ;127
                      00173     
3F70                  00174     END
MPASM 5.71               CONTADOR_0_A_99.ASM   4-7-2024  23:02:21         PAGE  5


SYMBOL TABLE
  LABEL                             VALUE 

ACENDE_DEZENA                     0000005A
ACENDE_LED                        00000055
ACENDE_UNIDADE                    0000005F
ADDEN                             00000003
ADEN                              00000003
BANK0                             BCF STATUS,RP0
BANK1                             BSF STATUS,RP0
BOTAO_REVERSO                     PORTA,2
BRGH                              00000002
BUSCA_CODIGO                      00000063
B_INICIAR                         PORTA,1
B_INICIAR_PRESS                   00000047
B_PARAR                           PORTA,3
B_PARAR_PRESS                     0000003D
B_ZERAR                           PORTA,4
C                                 00000000
C1INV                             00000004
C1OUT                             00000006
C2INV                             00000005
C2OUT                             00000007
CCP1CON                           00000017
CCP1IE                            00000002
CCP1IF                            00000002
CCP1M0                            00000000
CCP1M1                            00000001
CCP1M2                            00000002
CCP1M3                            00000003
CCP1X                             00000005
CCP1Y                             00000004
CCPR1                             00000015
CCPR1H                            00000016
CCPR1L                            00000015
CIS                               00000003
CM0                               00000000
CM1                               00000001
CM2                               00000002
CMCON                             0000001F
CMIE                              00000006
CMIF                              00000006
CONTADOR                          00000026
CONTADOR2                         00000021
CONTANDO                          FLAGS,3
CREN                              00000004
CSRC                              00000007
DATA_CP_OFF                       00003FFF
DATA_CP_ON                        00003EFF
DC                                00000001
DEZENA                            00000023
DISPLAYS                          PORTB
EEADR                             0000009B
EECON1                            0000009C
EECON2                            0000009D
EEDATA                            0000009A
MPASM 5.71               CONTADOR_0_A_99.ASM   4-7-2024  23:02:21         PAGE  6


SYMBOL TABLE
  LABEL                             VALUE 

EEIE                              00000007
EEIF                              00000007
F                                 00000001
FERR                              00000002
FIM_LED                           FLAGS,4
FIM_TEMPO                         FLAGS,2
FLAGS                             00000020
FSR                               00000004
GIE                               00000007
INDF                              00000000
INICIO                            0000001B
INTCON                            0000000B
INTE                              00000004
INTEDG                            00000006
INTF                              00000001
INT_ATIVA                         FLAGS,1
IRP                               00000007
JA_LI                             FLAGS,0
LACO_PRINCIPAL                    00000026
LED                               PORTA,0
NOT_BO                            00000000
NOT_BOD                           00000000
NOT_BOR                           00000000
NOT_PD                            00000003
NOT_POR                           00000001
NOT_RBPU                          00000007
NOT_T1SYNC                        00000002
NOT_TO                            00000004
OERR                              00000001
OPTION_REG                        00000081
OSCF                              00000003
PARADO                            00000040
PCL                               00000002
PCLATH                            0000000A
PCON                              0000008E
PEIE                              00000006
PIE1                              0000008C
PIR1                              0000000C
PORTA                             00000005
PORTB                             00000006
PR2                               00000092
PS0                               00000000
PS1                               00000001
PS2                               00000002
PSA                               00000003
QUAL_DISPLAY                      PORTB,4
RA0                               00000000
RA1                               00000001
RA2                               00000002
RA3                               00000003
RA4                               00000004
RA5                               00000005
RA6                               00000006
MPASM 5.71               CONTADOR_0_A_99.ASM   4-7-2024  23:02:21         PAGE  7


SYMBOL TABLE
  LABEL                             VALUE 

RA7                               00000007
RB0                               00000000
RB1                               00000001
RB2                               00000002
RB3                               00000003
RB4                               00000004
RB5                               00000005
RB6                               00000006
RB7                               00000007
RBIE                              00000003
RBIF                              00000000
RCIE                              00000005
RCIF                              00000005
RCREG                             0000001A
RCSTA                             00000018
RD                                00000000
RP0                               00000005
RP1                               00000006
RX9                               00000006
RX9D                              00000000
SAI_INTERRUPCAO                   00000017
SPBRG                             00000099
SPEN                              00000007
SREN                              00000005
STATUS                            00000003
STATUS_TEMP                       00000025
SYNC                              00000004
T0CS                              00000005
T0IE                              00000005
T0IF                              00000002
T0SE                              00000004
T1CKPS0                           00000004
T1CKPS1                           00000005
T1CON                             00000010
T1OSCEN                           00000003
T2CKPS0                           00000000
T2CKPS1                           00000001
T2CON                             00000012
TMR0                              00000001
TMR0IE                            00000005
TMR0IF                            00000002
TMR1                              0000000E
TMR1CS                            00000001
TMR1H                             0000000F
TMR1IE                            00000000
TMR1IF                            00000000
TMR1L                             0000000E
TMR1ON                            00000000
TMR2                              00000011
TMR2IE                            00000001
TMR2IF                            00000001
TMR2ON                            00000002
TOUTPS0                           00000003
MPASM 5.71               CONTADOR_0_A_99.ASM   4-7-2024  23:02:21         PAGE  8


SYMBOL TABLE
  LABEL                             VALUE 

TOUTPS1                           00000004
TOUTPS2                           00000005
TOUTPS3                           00000006
TRISA                             00000085
TRISA0                            00000000
TRISA1                            00000001
TRISA2                            00000002
TRISA3                            00000003
TRISA4                            00000004
TRISA5                            00000005
TRISA6                            00000006
TRISA7                            00000007
TRISB                             00000086
TRISB0                            00000000
TRISB1                            00000001
TRISB2                            00000002
TRISB3                            00000003
TRISB4                            00000004
TRISB5                            00000005
TRISB6                            00000006
TRISB7                            00000007
TRMT                              00000001
TROCA_DISPLAY                     00000057
TROCA_LED                         00000050
TX9                               00000006
TX9D                              00000000
TXEN                              00000005
TXIE                              00000004
TXIF                              00000004
TXREG                             00000019
TXSTA                             00000098
UNIDADE                           00000022
VR0                               00000000
VR1                               00000001
VR2                               00000002
VR3                               00000003
VRCON                             0000009F
VREN                              00000007
VROE                              00000006
VRR                               00000005
V_CONT                            0000007D
V_CONT2                           00000002
V_FILTRO                          00000064
V_TMR0                            00000006
W                                 00000000
WR                                00000001
WREN                              00000002
WRERR                             00000003
W_TEMP                            00000024
Z                                 00000002
_BODEN_OFF                        00003FBF
_BODEN_ON                         00003FFF
_BOREN_OFF                        00003FBF
MPASM 5.71               CONTADOR_0_A_99.ASM   4-7-2024  23:02:21         PAGE  9


SYMBOL TABLE
  LABEL                             VALUE 

_BOREN_ON                         00003FFF
_CONFIG                           00002007
_CPD_OFF                          00003FFF
_CPD_ON                           00003EFF
_CP_OFF                           00003FFF
_CP_ON                            00001FFF
_DEVID1                           00002006
_ER_OSC_CLKOUT                    00003FFF
_ER_OSC_NOCLKOUT                  00003FFE
_EXTCLK_OSC                       00003FEF
_FOSC_ECIO                        00003FEF
_FOSC_EXTRCCLK                    00003FFF
_FOSC_EXTRCIO                     00003FFE
_FOSC_HS                          00003FEE
_FOSC_INTOSCCLK                   00003FFD
_FOSC_INTOSCIO                    00003FFC
_FOSC_LP                          00003FEC
_FOSC_XT                          00003FED
_HS_OSC                           00003FEE
_IDLOC0                           00002000
_IDLOC1                           00002001
_IDLOC2                           00002002
_IDLOC3                           00002003
_INTOSC_OSC_CLKOUT                00003FFD
_INTOSC_OSC_NOCLKOUT              00003FFC
_INTRC_OSC_CLKOUT                 00003FFD
_INTRC_OSC_NOCLKOUT               00003FFC
_LP_OSC                           00003FEC
_LVP_OFF                          00003F7F
_LVP_ON                           00003FFF
_MCLRE_OFF                        00003FDF
_MCLRE_ON                         00003FFF
_PWRTE_OFF                        00003FFF
_PWRTE_ON                         00003FF7
_RC_OSC_CLKOUT                    00003FFF
_RC_OSC_NOCLKOUT                  00003FFE
_WDTE_OFF                         00003FFB
_WDTE_ON                          00003FFF
_WDT_OFF                          00003FFB
_WDT_ON                           00003FFF
_XT_OSC                           00003FED
__16F628A                         00000001

Errors   :     0
Warnings :     0 reported,     0 suppressed
Messages :     3 reported,     0 suppressed

