MPASM 5.71              NEWPIC_8B_SIMPLE.ASM   4-19-2024  23:20:35         PAGE  1


LOC  OBJECT CODE     LINE SOURCE TEXT
  VALUE

                      00001 ; Montar um programa em Assembly que acione um pisca pisca na saída RA0. Use o módulo McLab1.
                      00002 ; Ao iniciar o sistema, a saída RA0 deve estar apagada.
                      00003 ; Para acionar o pisca um dos botões devem ser acionado, RA1 ou RA2.
                      00004 ; O botão RA3 desliga os pisca-piscas.
                      00005 ; Somente pode ser acionado qualquer um dos piscas se estiver parado, isto é, se for acionado o pisca co
                            m frequência de 2HZ e desejar acionar o de 5Hz, é necessário desligar o pisca através do botão R
                      00006 ; As frequências são:
                      00007 ; RA1 => 2Hz
                      00008 ; RA2 => 5Hz
                      00009 ; Clock: 4MHz
                      00010     
                      00011 ; Assembly source line config statements
                      00012 
                      00013 #include "p16f628a.inc"
                      00001         LIST
                      00002 
                      00003 ;==========================================================================
                      00004 ; Build date : Nov 17 2016
                      00005 ;  MPASM PIC16F628A processor include
                      00006 ; 
                      00007 ;  (c) Copyright 1999-2016 Microchip Technology, All rights reserved
                      00008 ;==========================================================================
                      00009 
                      00386         LIST
                      00014 
                      00015 ; CONFIG
                      00016 ; __config 0xFF70
2007   3F70           00017  __CONFIG _FOSC_INTOSCIO & _WDTE_OFF & _PWRTE_ON & _MCLRE_ON & _BOREN_ON & _LVP_OFF & _CPD_OFF & _CP_OFF
                      00018  
                      00019 ; Declaração de variáveis
                      00020  CBLOCK     0X20
  00000020            00021     BOOLEANO            ; 0x20
  00000021            00022     I                   ; 0x21
  00000022            00023     J                   ; 0x22
  00000023            00024     I_INICIAL           ; 0x23
  00000024            00025     J_INICIAL           ; 0x24
  00000025            00026     K                   ; 0x25
                      00027  ENDC
                      00028  
                      00029  #define    PISCOU      BOOLEANO,0
                      00030  
                      00031 ; Entradas
                      00032  #define    BTN_2HZ     PORTA,1
                      00033  #define    BTN_5HZ     PORTA,2
                      00034  #define    BTN_DESL    PORTA,3
                      00035  
                      00036 ; Saídas
                      00037  #define    LED         PORTA,0
                      00038 
                      00039 RES_VECT  CODE    0x0000            ; processor reset vector
0000   1683           00040     BSF     STATUS,RP0              ; Acessa o banco 01
Message[302]: Register in operand not in bank 0.  Ensure that bank bits are correct.
0001   1005           00041     BCF     TRISA,0                 ; Define PORTA,0 como saída
MPASM 5.71              NEWPIC_8B_SIMPLE.ASM   4-19-2024  23:20:35         PAGE  2


LOC  OBJECT CODE     LINE SOURCE TEXT
  VALUE

0002   1283           00042     BCF     STATUS,RP0              ; Volta para o banco 00
                      00043 
0003                  00044 INTERROMPE
0003   1005           00045     BCF     LED                     ; Desliga o LED
                      00046     
0004                  00047 MAIN
0004   1C85           00048     BTFSS   BTN_2HZ                 ; Testa se o botão está apertado
0005   2???           00049     GOTO    PISCA_2HZ               ; Vai para a função que liga o LED piscando em 2HZ
0006   1D05           00050     BTFSS   BTN_5HZ                 ; Testa se o botão está apertado
0007   2???           00051     GOTO    PISCA_5HZ               ; Vai para a função que liga o LED piscando em 5HZ
                      00052     
0008   2???           00053     GOTO    MAIN
                      00054     
0009                  00055 PISCA_2HZ
0009   3032           00056     MOVLW   .50
000A   00A5           00057     MOVWF   K
000B   30FF           00058     MOVLW   .255        
000C   00A3           00059     MOVWF   I_INICIAL
000D   00A4           00060     MOVWF   J_INICIAL
                      00061     
000E   1D85           00062     BTFSS   BTN_DESL
000F   2???           00063     GOTO    INTERROMPE
                      00064     
0010   2???           00065     CALL    LIGA
                      00066     
0011   2???           00067     CALL    DESLIGA
                      00068     
0012   2???           00069     GOTO    PISCA_2HZ
                      00070     
0013                  00071 PISCA_5HZ
                      00072     
0013   2???           00073     GOTO PISCA_5HZ
                      00074     
0014                  00075 LIGA
0014   1405           00076     BSF     LED                     ; Liga o LED
0015   2???           00077     CALL    ESPERA
                      00078     
0016   0008           00079     RETURN
                      00080     
0017                  00081 DESLIGA
0017   1005           00082     BCF     LED                     ; Desliga o LED
0018   2???           00083     CALL    ESPERA
                      00084     
0019   0008           00085     RETURN
                      00086    
001A                  00087 ESPERA
001A   0BA5           00088     DECFSZ  K,F
001B   2???           00089     CALL    ESPERA_MAIS_I
                      00090     
001C   0008           00091     RETURN
                      00092     
001D                  00093 ESPERA_MAIS_I
001D   0823           00094     MOVF    I_INICIAL,W
MPASM 5.71              NEWPIC_8B_SIMPLE.ASM   4-19-2024  23:20:35         PAGE  3


LOC  OBJECT CODE     LINE SOURCE TEXT
  VALUE

                      00095     
001E   0BA1           00096     DECFSZ  I,F
001F   2???           00097     CALL    ESPERA_MAIS_J
                      00098     
0020   0008           00099     RETURN
                      00100     
0021                  00101 ESPERA_MAIS_J
0021   0BA2           00102     DECFSZ  J,F
0022   2???           00103     GOTO    ESPERA_MAIS_J
                      00104     
0023   0824           00105     MOVFW   J_INICIAL
0024   00A2           00106     MOVWF   J
                      00107     
0025   0008           00108     RETURN
                      00109 
3F70                  00110     END
MPASM 5.71              NEWPIC_8B_SIMPLE.ASM   4-19-2024  23:20:35         PAGE  4


SYMBOL TABLE
  LABEL                             VALUE 

ADDEN                             00000003
ADEN                              00000003
BOOLEANO                          00000020
BRGH                              00000002
BTN_2HZ                           PORTA,1
BTN_5HZ                           PORTA,2
BTN_DESL                          PORTA,3
C                                 00000000
C1INV                             00000004
C1OUT                             00000006
C2INV                             00000005
C2OUT                             00000007
CCP1CON                           00000017
CCP1IE                            00000002
CCP1IF                            00000002
CCP1M0                            00000000
CCP1M1                            00000001
CCP1M2                            00000002
CCP1M3                            00000003
CCP1X                             00000005
CCP1Y                             00000004
CCPR1                             00000015
CCPR1H                            00000016
CCPR1L                            00000015
CIS                               00000003
CM0                               00000000
CM1                               00000001
CM2                               00000002
CMCON                             0000001F
CMIE                              00000006
CMIF                              00000006
CREN                              00000004
CSRC                              00000007
DATA_CP_OFF                       00003FFF
DATA_CP_ON                        00003EFF
DC                                00000001
DESLIGA                           00000017
EEADR                             0000009B
EECON1                            0000009C
EECON2                            0000009D
EEDATA                            0000009A
EEIE                              00000007
EEIF                              00000007
ESPERA                            0000001A
ESPERA_MAIS_I                     0000001D
ESPERA_MAIS_J                     00000021
F                                 00000001
FERR                              00000002
FSR                               00000004
GIE                               00000007
I                                 00000021
INDF                              00000000
INTCON                            0000000B
MPASM 5.71              NEWPIC_8B_SIMPLE.ASM   4-19-2024  23:20:35         PAGE  5


SYMBOL TABLE
  LABEL                             VALUE 

INTE                              00000004
INTEDG                            00000006
INTERROMPE                        00000003
INTF                              00000001
IRP                               00000007
I_INICIAL                         00000023
J                                 00000022
J_INICIAL                         00000024
K                                 00000025
LED                               PORTA,0
LIGA                              00000014
MAIN                              00000004
NOT_BO                            00000000
NOT_BOD                           00000000
NOT_BOR                           00000000
NOT_PD                            00000003
NOT_POR                           00000001
NOT_RBPU                          00000007
NOT_T1SYNC                        00000002
NOT_TO                            00000004
OERR                              00000001
OPTION_REG                        00000081
OSCF                              00000003
PCL                               00000002
PCLATH                            0000000A
PCON                              0000008E
PEIE                              00000006
PIE1                              0000008C
PIR1                              0000000C
PISCA_2HZ                         00000009
PISCA_5HZ                         00000013
PISCOU                            BOOLEANO,0
PORTA                             00000005
PORTB                             00000006
PR2                               00000092
PS0                               00000000
PS1                               00000001
PS2                               00000002
PSA                               00000003
RA0                               00000000
RA1                               00000001
RA2                               00000002
RA3                               00000003
RA4                               00000004
RA5                               00000005
RA6                               00000006
RA7                               00000007
RB0                               00000000
RB1                               00000001
RB2                               00000002
RB3                               00000003
RB4                               00000004
RB5                               00000005
MPASM 5.71              NEWPIC_8B_SIMPLE.ASM   4-19-2024  23:20:35         PAGE  6


SYMBOL TABLE
  LABEL                             VALUE 

RB6                               00000006
RB7                               00000007
RBIE                              00000003
RBIF                              00000000
RCIE                              00000005
RCIF                              00000005
RCREG                             0000001A
RCSTA                             00000018
RD                                00000000
RP0                               00000005
RP1                               00000006
RX9                               00000006
RX9D                              00000000
SPBRG                             00000099
SPEN                              00000007
SREN                              00000005
STATUS                            00000003
SYNC                              00000004
T0CS                              00000005
T0IE                              00000005
T0IF                              00000002
T0SE                              00000004
T1CKPS0                           00000004
T1CKPS1                           00000005
T1CON                             00000010
T1OSCEN                           00000003
T2CKPS0                           00000000
T2CKPS1                           00000001
T2CON                             00000012
TMR0                              00000001
TMR0IE                            00000005
TMR0IF                            00000002
TMR1                              0000000E
TMR1CS                            00000001
TMR1H                             0000000F
TMR1IE                            00000000
TMR1IF                            00000000
TMR1L                             0000000E
TMR1ON                            00000000
TMR2                              00000011
TMR2IE                            00000001
TMR2IF                            00000001
TMR2ON                            00000002
TOUTPS0                           00000003
TOUTPS1                           00000004
TOUTPS2                           00000005
TOUTPS3                           00000006
TRISA                             00000085
TRISA0                            00000000
TRISA1                            00000001
TRISA2                            00000002
TRISA3                            00000003
TRISA4                            00000004
MPASM 5.71              NEWPIC_8B_SIMPLE.ASM   4-19-2024  23:20:35         PAGE  7


SYMBOL TABLE
  LABEL                             VALUE 

TRISA5                            00000005
TRISA6                            00000006
TRISA7                            00000007
TRISB                             00000086
TRISB0                            00000000
TRISB1                            00000001
TRISB2                            00000002
TRISB3                            00000003
TRISB4                            00000004
TRISB5                            00000005
TRISB6                            00000006
TRISB7                            00000007
TRMT                              00000001
TX9                               00000006
TX9D                              00000000
TXEN                              00000005
TXIE                              00000004
TXIF                              00000004
TXREG                             00000019
TXSTA                             00000098
VR0                               00000000
VR1                               00000001
VR2                               00000002
VR3                               00000003
VRCON                             0000009F
VREN                              00000007
VROE                              00000006
VRR                               00000005
W                                 00000000
WR                                00000001
WREN                              00000002
WRERR                             00000003
Z                                 00000002
_BODEN_OFF                        00003FBF
_BODEN_ON                         00003FFF
_BOREN_OFF                        00003FBF
_BOREN_ON                         00003FFF
_CONFIG                           00002007
_CPD_OFF                          00003FFF
_CPD_ON                           00003EFF
_CP_OFF                           00003FFF
_CP_ON                            00001FFF
_DEVID1                           00002006
_ER_OSC_CLKOUT                    00003FFF
_ER_OSC_NOCLKOUT                  00003FFE
_EXTCLK_OSC                       00003FEF
_FOSC_ECIO                        00003FEF
_FOSC_EXTRCCLK                    00003FFF
_FOSC_EXTRCIO                     00003FFE
_FOSC_HS                          00003FEE
_FOSC_INTOSCCLK                   00003FFD
_FOSC_INTOSCIO                    00003FFC
_FOSC_LP                          00003FEC
MPASM 5.71              NEWPIC_8B_SIMPLE.ASM   4-19-2024  23:20:35         PAGE  8


SYMBOL TABLE
  LABEL                             VALUE 

_FOSC_XT                          00003FED
_HS_OSC                           00003FEE
_IDLOC0                           00002000
_IDLOC1                           00002001
_IDLOC2                           00002002
_IDLOC3                           00002003
_INTOSC_OSC_CLKOUT                00003FFD
_INTOSC_OSC_NOCLKOUT              00003FFC
_INTRC_OSC_CLKOUT                 00003FFD
_INTRC_OSC_NOCLKOUT               00003FFC
_LP_OSC                           00003FEC
_LVP_OFF                          00003F7F
_LVP_ON                           00003FFF
_MCLRE_OFF                        00003FDF
_MCLRE_ON                         00003FFF
_PWRTE_OFF                        00003FFF
_PWRTE_ON                         00003FF7
_RC_OSC_CLKOUT                    00003FFF
_RC_OSC_NOCLKOUT                  00003FFE
_WDTE_OFF                         00003FFB
_WDTE_ON                          00003FFF
_WDT_OFF                          00003FFB
_WDT_ON                           00003FFF
_XT_OSC                           00003FED
__16F628A                         00000001

Errors   :     0
Warnings :     0 reported,     0 suppressed
Messages :     1 reported,     0 suppressed

