MPASM 5.71           PROVA_2_YURI_DUARTE.ASM   5-13-2024  16:20:55         PAGE  1


LOC  OBJECT CODE     LINE SOURCE TEXT
  VALUE

                      00001 ;Autor: Yuri David Silva Duarte
                      00002 ;RA: 12697731601
                      00003 
                      00004 ; PIC16F877A Configuration Bit Settings
                      00005 ; Assembly source line config statements
                      00006 #include "p16f877a.inc"
                      00001         LIST
                      00002 
                      00003 ;==========================================================================
                      00004 ; Build date : Nov 17 2016
                      00005 ;  MPASM PIC16F877A processor include
                      00006 ; 
                      00007 ;  (c) Copyright 1999-2016 Microchip Technology, All rights reserved
                      00008 ;==========================================================================
                      00009 
                      00567         LIST
                      00007 ; CONFIG
                      00008 ; __config 0xFF71
2007   3F71           00009  __CONFIG _FOSC_XT & _WDTE_OFF & _PWRTE_ON & _BOREN_ON & _LVP_OFF & _CPD_OFF & _WRT_OFF & _CP_OFF
                      00010 
                      00011 #define BANK0   BCF STATUS,RP0
                      00012 #define BANK1   BSF STATUS,RP0
                      00013  
                      00014 ;nomeando posição da memória RAM 
                      00015  CBLOCK 0x20
  00000020            00016     FLAGS       ;0x20
  00000021            00017     CONTADOR    ;0x21
  00000022            00018     UNIDADE     ;0x22
  00000023            00019     DEZENA      ;0x23
  00000024            00020     CENTENA     ;0x24
  00000025            00021     MILHAR      ;0x25
  00000026            00022     VALOR_ADC_H ;0x26
  00000027            00023     VALOR_ADC_L ;0x27    
  00000028            00024     W_TEMP      ;0x28
  00000029            00025     STATUS_TEMP ;0x29
  0000002A            00026     FILTRO      ;0X2A
  0000002B            00027     AUXILIAR    ;0X2B
  0000002C            00028     HISTERESE   ;0X2C
  0000002D            00029     X_H
  0000002E            00030     X_L
  0000002F            00031     Y_H
  00000030            00032     Y_L
  00000031            00033     R_H
  00000032            00034     R_L 
                      00035  ENDC
                      00036  
                      00037 ;entradas
                      00038 #define     BTN_HEATER      PORTB,0
                      00039 #define     TROCA_D         PORTB,1
                      00040 #define     BTN_HIST_ADD    PORTB,2
                      00041 #define     BTN_HIST_SUB    PORTB,3  
                      00042  
                      00043 ;saídas
MPASM 5.71           PROVA_2_YURI_DUARTE.ASM   5-13-2024  16:20:55         PAGE  2


LOC  OBJECT CODE     LINE SOURCE TEXT
  VALUE

                      00044 #define     DISPLAYS        PORTD
                      00045 #define     D_UNIDADE       PORTB,4
                      00046 #define     D_DEZENA        PORTB,5
                      00047 #define     D_CENTENA       PORTB,6
                      00048 #define     D_MILHAR        PORTB,7
                      00049 #define     HEATER          PORTC,2
                      00050  
                      00051 ;variáveis
                      00052 #define     INT_ATIVA       FLAGS,0
                      00053 #define     FIM_TEMPO       FLAGS,1
                      00054 #define     EH_NEGATIVO     FLAGS,2
                      00055 #define     QUAL_CANAL      FLAGS,3
                      00056 #define     MUDEI_CANAL     FLAGS,4
                      00057 #define     MUDEI_HEATER    FLAGS,5
                      00058 
                      00059 ;constantes 
  00000006            00060 V_TMR0      equ     .6
  000000FA            00061 V_CONT      equ     .250  
                      00062             
                      00063 ;=== programa ==============
                      00064 RES_VECT    CODE    0x0000    ;vetor de reset, indica a posição inicial do programa na FLASH
0000   2???           00065     GOTO    INICIO
                      00066 
                      00067 ISR         CODE    0x0004      ; interrupt vector location
0004   00A8           00068     MOVWF   W_TEMP              ;salva o conteúdo de W em W_TEMP            
0005   0803           00069     MOVF    STATUS,W            ;W = STATUS
0006   00A9           00070     MOVWF   STATUS_TEMP         ;salva o conteúdo de STATUS em STATUS_TEMP
0007   1D0B           00071     BTFSS   INTCON,T0IF         ;testa se o indicador de interrupção por TMR0 está ativo
0008   2???           00072     GOTO    SAI_INTERRUPCAO     ;se não estiver, pula para SAI_INTERRUPCAO
0009   110B           00073     BCF     INTCON,T0IF         ;zera o flag indicador de interrupção por TMR0
000A   3006           00074     MOVLW   V_TMR0              ;W = V_TMR0
000B   0781           00075     ADDWF   TMR0,F              ;TMR0 = TMR0 + V_TMR0
000C   1420           00076     BSF     INT_ATIVA           ;INT_ATIVA = 1
000D   0BA1           00077     DECFSZ  CONTADOR,F          ;decrementa CONTADAOR e testa se é zero
000E   2???           00078     GOTO    SAI_INTERRUPCAO     ;se não for zero, pula para SAI_INTERRUPCAO
000F   30FA           00079     MOVLW   V_CONT              ;W = V_CONT
0010   00A1           00080     MOVWF   CONTADOR            ;CONTADOR = V_CONT
0011   14A0           00081     BSF     FIM_TEMPO           ;FIM_TEMPO = 1  
0012                  00082 SAI_INTERRUPCAO
0012   0829           00083     MOVF    STATUS_TEMP,W       ;W = STATUS_TEMP
0013   0083           00084     MOVWF   STATUS              ;restaura o conteúdo de STATUS
0014   0828           00085     MOVF    W_TEMP,W            ;restaura o conteúdo de W       
0015   0009           00086     RETFIE
                      00087     
0016                  00088 BUSCA_CODIGO
0016   0782           00089     ADDWF   PCL,F           
0017   343F           00090     RETLW   B'00111111'     ;63   
0018   3406           00091     RETLW   B'00000110'     ;6
0019   345B           00092     RETLW   B'01011011'     ;91
001A   344F           00093     RETLW   B'01001111'     ;79
001B   3466           00094     RETLW   B'01100110'     ;102
001C   346D           00095     RETLW   B'01101101'     ;109
001D   347D           00096     RETLW   B'01111101'     ;125
MPASM 5.71           PROVA_2_YURI_DUARTE.ASM   5-13-2024  16:20:55         PAGE  3


LOC  OBJECT CODE     LINE SOURCE TEXT
  VALUE

001E   3407           00097     RETLW   B'00000111'     ;7
001F   347F           00098     RETLW   B'01111111'     ;127
0020   346F           00099     RETLW   B'01101111'     ;111
                      00100     
0021                  00101 INICIO  
0021   1683           00102     BANK1                   ;seleciona o banco 1 da memória RAM
Message[302]: Register in operand not in bank 0.  Ensure that bank bits are correct.
0022   1107           00103     BCF     TRISC,2         ;configura a bit 2 do PORTC como saída
0023   300F           00104     MOVLW   B'00001111'     ;W = 00001111
Message[302]: Register in operand not in bank 0.  Ensure that bank bits are correct.
0024   0086           00105     MOVWF   TRISB           ;TRISB = 00001111,configura os 4LSB como entrada e os 4MSB como saída
Message[302]: Register in operand not in bank 0.  Ensure that bank bits are correct.
0025   0188           00106     CLRF    TRISD           ;TRISD = 00000000,configura o PORTD como saída
0026   30D1           00107     MOVLW   B'11010001'     ;palavra de configuração do TMR0
Message[302]: Register in operand not in bank 0.  Ensure that bank bits are correct.
0027   0081           00108     MOVWF   OPTION_REG      ;carrega a palavra de configuração do TMR0 no OPTION_REG
0028   30C4           00109     MOVLW   B'11000100'     ;palavra de configuração do ADCON1
                      00110                             ;bit 7: justificado à direita = 1
                      00111                             ;bit 6: origem do clock do ADC - RC = 1 11
                      00112                             ;bit 5..4: não usado = 00
                      00113                             ;bit 3..0: PCFG3..0: seleção de entradas = 0100
Message[302]: Register in operand not in bank 0.  Ensure that bank bits are correct.
0029   009F           00114     MOVWF   ADCON1          ;carrega a configuração no ADCON1                   
002A   1283           00115     BANK0                   ;seleciona o banco 0 da memória RAM
002B   30C9           00116     MOVLW   B'11001001'     ;palavra de configuração do ADCON0
                      00117                             ;bit 7..6: origem do clock do ADC - RC = 1 11
                      00118                             ;bit 5..3: seleção de canal a ser lido = 001
                      00119                             ;bit 2: inicia a conversão e avisa que acabou
                      00120                             ;bit 1: não usado
                      00121                             ;bit 0: ativa o conversor AD = 1
002C   009F           00122     MOVWF   ADCON0          ;carrega a configuração no ADCON0    
                      00123     
002D   01A2           00124     CLRF    UNIDADE         ;UNIDADE = 0
002E   01A3           00125     CLRF    DEZENA          ;DEZENA = 0
002F   01A4           00126     CLRF    CENTENA         ;CENTENA = 0
0030   01A5           00127     CLRF    MILHAR          ;MILHAR = 0
0031   11A0           00128     BCF     QUAL_CANAL      ;QUAL_CANAL = 0
0032   1107           00129     BCF     HEATER          ;HEATER = 0
0033   1206           00130     BCF     D_UNIDADE       ;apaga o display da UNIDADE
0034   1286           00131     BCF     D_DEZENA        ;apaga o display da DEZENA
0035   1306           00132     BCF     D_CENTENA       ;apaga o display da CENTENA
0036   1386           00133     BCF     D_MILHAR        ;apaga o display da MILHAR     
0037   168B           00134     BSF     INTCON,T0IE     ;permite atender interrupção por TMR0    
0038   178B           00135     BSF     INTCON,GIE      ;permite atender interrupções
                      00136     
0039                  00137 LACO_PRINCIPAL
0039   1C06           00138     BTFSS   BTN_HEATER      ;testa se a chave está acionada
003A   2???           00139     CALL    MUDA_HEATER
003B   1C86           00140     BTFSS   TROCA_D         ;testa se a chave está acionada
003C   2???           00141     CALL    TROCA_CANAL
                      00142     
003D   1D06           00143     BTFSS   BTN_HIST_ADD
003E   2???           00144     GOTO    HIST_ADD
MPASM 5.71           PROVA_2_YURI_DUARTE.ASM   5-13-2024  16:20:55         PAGE  4


LOC  OBJECT CODE     LINE SOURCE TEXT
  VALUE

                      00145     
003F   1D86           00146     BTFSS   BTN_HIST_SUB
0040   2???           00147     GOTO    HIST_SUB
                      00148     
0041   1820           00149     BTFSC   INT_ATIVA       ;testa se o bit indicador de tempo 4ms está ativo
0042   2???           00150     CALL    TROCA_DISPLAY   ;se INT_ATIVA = 1, chama sub-rotina TROCA_DISPLAY
0043   1CA0           00151     BTFSS   FIM_TEMPO       ;testa se o FIM_TEMPO = 1
0044   2???           00152     GOTO    LACO_PRINCIPAL  ;se FIM_TEMPO = 0, pula para  LACO_PRINCIPAL
                      00153     ;lê a entrada analógica - AN1
0045   10A0           00154     BCF     FIM_TEMPO       ;FIM_TEMPO = 0
0046   1DA0           00155     BTFSS   QUAL_CANAL      ;verifica o canal que será lido
0047   2???           00156     GOTO    AJUSTA_CANAL0   ;se QUAL_CANAL = 1, pula para AJUSTA_CANAL0
0048   159F           00157     BSF     ADCON0,3        ;seta o bit4 para seleciona o canal 1 
0049                  00158 ATIVA_CONVERSAO   
0049   151F           00159     BSF     ADCON0,GO       ;inicia a conversão
004A                  00160 TESTA_FIM    
004A   191F           00161     BTFSC   ADCON0,GO       ;testa se finalizou a conversão
004B   2???           00162     GOTO    $-1             ;mesma coisa de  GOTO TESTA_FIM
004C   081E           00163     MOVF    ADRESH,W        ;lê os 8MSBs do resultado da conversão
004D   00A6           00164     MOVWF   VALOR_ADC_H     ;VALOR_ADC_H = ADRESH
004E   1683           00165     BANK1                   ;seleciona banco 1 da memória RAM
Message[302]: Register in operand not in bank 0.  Ensure that bank bits are correct.
004F   081E           00166     MOVF    ADRESL,W        ;lê os 8LSBs do resultado da conversão
0050   1283           00167     BANK0                   ;seleciona banco 0 da memória RAM
0051   00A7           00168     MOVWF   VALOR_ADC_L     ;VALOR_ADC_L = ADRESL
0052   01A5           00169     CLRF    MILHAR          ;MILHAR = 0
0053                  00170 EXTRAI_MILHAR    
0053   0826           00171     MOVF    VALOR_ADC_H,W   ;W = VALOR_ADC_H
0054   00AD           00172     MOVWF   X_H             ;X_H = VALOR_ADC_H
0055   0827           00173     MOVF    VALOR_ADC_L,W   ;W = VALOR_ADC_L
0056   00AE           00174     MOVWF   X_L             ;X_L = VALOR_ADC_L  
0057   3003           00175     MOVLW   0x03            ;W = 0x03
0058   00AF           00176     MOVWF   Y_H             ;Y_H = 0x03
0059   30E8           00177     MOVLW   0xE8            ;W = 0xE8
005A   00B0           00178     MOVWF   Y_L             ;Y_L = 0xE8 
005B   2???           00179     CALL    SUB_16_BITS     ;chama rotina de subtração de 16 bits
005C   1920           00180     BTFSC   EH_NEGATIVO     ;testa se o resultado da operação deu negativo
005D   2???           00181     GOTO    TRATA_CENTENA   ;se negativo pula para TRATA_CENTENA
005E   0831           00182     MOVF    R_H,W           ;W = R_H
005F   00A6           00183     MOVWF   VALOR_ADC_H     ;VALOR_ADC_H = R_H
0060   0832           00184     MOVF    R_L,W           ;W = R_L
0061   00A7           00185     MOVWF   VALOR_ADC_L     ;VALOR_ADC_L = R_L    
0062   0AA5           00186     INCF    MILHAR,F        ;MILHAR++
0063   2???           00187     GOTO    EXTRAI_MILHAR   ;pula para EXTRAI_MILHAR
0064                  00188 TRATA_CENTENA    
0064   01A4           00189     CLRF    CENTENA         ;CENTENA = 0
0065                  00190 EXTRAI_CENTENA  
0065   0826           00191     MOVF    VALOR_ADC_H,W   ;W = VALOR_ADC_H
0066   00AD           00192     MOVWF   X_H             ;X_H = VALOR_ADC_H
0067   0827           00193     MOVF    VALOR_ADC_L,W   ;W = VALOR_ADC_L
0068   00AE           00194     MOVWF   X_L             ;X_L = VALOR_ADC_L  
0069   3000           00195     MOVLW   0x00            ;W = 0x00
006A   00AF           00196     MOVWF   Y_H             ;Y_H = 0x03
MPASM 5.71           PROVA_2_YURI_DUARTE.ASM   5-13-2024  16:20:55         PAGE  5


LOC  OBJECT CODE     LINE SOURCE TEXT
  VALUE

006B   3064           00197     MOVLW   0x64            ;W = 0x64
006C   00B0           00198     MOVWF   Y_L             ;Y_L = 0xE8 
006D   2???           00199     CALL    SUB_16_BITS     ;chama rotina de subtração de 16 bits    
006E   1920           00200     BTFSC   EH_NEGATIVO     ;testa se o resultado da operação deu negativo
006F   2???           00201     GOTO    TRATA_DEZENA    ;se negativo pula para TRATA_DEZENA    
0070   0831           00202     MOVF    R_H,W           ;W = R_H
0071   00A6           00203     MOVWF   VALOR_ADC_H     ;VALOR_ADC_H = R_H
0072   0832           00204     MOVF    R_L,W           ;W = R_L
0073   00A7           00205     MOVWF   VALOR_ADC_L     ;VALOR_ADC_L = R_L    
0074   0AA4           00206     INCF    CENTENA,F       ;CENTENA++
0075   2???           00207     GOTO    EXTRAI_CENTENA  ;pula para EXTRAI_CENTENA    
0076                  00208 TRATA_DEZENA
0076   01A3           00209     CLRF    DEZENA          ;DEZENA = 0
0077                  00210 EXTRAI_DEZENA
0077   300A           00211     MOVLW   .10             ;W = 10
0078   0227           00212     SUBWF   VALOR_ADC_L,W   ;W = VALOR_ADC_L - W
0079   1C03           00213     BTFSS   STATUS,C        ;testa se o resultado é negativo
007A   2???           00214     GOTO    TRATA_UNIDADE   ;se negativo, pula para verificar valor unidade
007B   00A7           00215     MOVWF   VALOR_ADC_L     ;VALOR_ADC_L = W = VALOR_ADC_L - 10
007C   0AA3           00216     INCF    DEZENA,F        ;DEZENA++
007D   2???           00217     GOTO    EXTRAI_DEZENA   ;    
007E                  00218 TRATA_UNIDADE
007E   0827           00219     MOVF    VALOR_ADC_L,W   ;W = VALOR_ADC_L
007F   00A2           00220     MOVWF   UNIDADE         ;UNIDADE = VALOR_ADC_L 
0080   2???           00221     GOTO    LACO_PRINCIPAL  ;pula para o LACO_PRINCIPAL
0081                  00222 AJUSTA_CANAL0
0081   119F           00223     BCF     ADCON0,3        ;reseta o bit4 para seleciona o canal 0
0082   2???           00224     GOTO    ATIVA_CONVERSAO ;pula para ATIVA_CONVERSAO
                      00225     
0083                  00226 CANCELA_RUIDO_HEATER
0083   1C06           00227     BTFSS   BTN_HEATER
0084   00AA           00228     MOVWF   FILTRO
                      00229     
0085   0BAA           00230     DECFSZ  FILTRO,F
0086   2???           00231     GOTO    CANCELA_RUIDO_HEATER
                      00232     
0087   0008           00233     RETURN
                      00234     
0088                  00235 MUDA_HEATER
0088   3064           00236     MOVLW   .100
0089   00AA           00237     MOVWF   FILTRO
                      00238     
008A   2???           00239     CALL    CANCELA_RUIDO_HEATER
                      00240     
008B   12A0           00241     BCF     MUDEI_HEATER
                      00242     
008C   1907           00243     BTFSC   HEATER
008D   16A0           00244     BSF     MUDEI_HEATER
                      00245     
008E   1EA0           00246     BTFSS   MUDEI_HEATER
008F   1507           00247     BSF     HEATER
                      00248     
0090   1AA0           00249     BTFSC   MUDEI_HEATER
MPASM 5.71           PROVA_2_YURI_DUARTE.ASM   5-13-2024  16:20:55         PAGE  6


LOC  OBJECT CODE     LINE SOURCE TEXT
  VALUE

0091   1107           00250     BCF     HEATER
                      00251     
0092   0008           00252     RETURN
                      00253     
0093                  00254 CANCELA_RUIDO_DISPLAY 
0093   1C86           00255     BTFSS   TROCA_D                     ;Testa se o botão foi pressionado novamente
0094   00AA           00256     MOVWF   FILTRO                      ;Se ele entendeu que foi pressionado, o filtro reseta
                      00257     
0095   0BAA           00258     DECFSZ  FILTRO,F                    ;Filtro--; se Filtro == 0 ele pula a instrução
0096   2???           00259     GOTO    CANCELA_RUIDO_DISPLAY       ;Se não ele vai voltar e continuar o teste
                      00260     
0097   0008           00261     RETURN                              ;Volta para onde a subrotina foi chamada
                      00262     
0098                  00263 TROCA_CANAL
0098   3064           00264     MOVLW   .100
0099   2???           00265     CALL    CANCELA_RUIDO_DISPLAY
                      00266     
009A   1220           00267     BCF     MUDEI_CANAL
                      00268     
009B   19A0           00269     BTFSC   QUAL_CANAL
009C   1620           00270     BSF     MUDEI_CANAL
                      00271     
009D   1A20           00272     BTFSC   MUDEI_CANAL
009E   11A0           00273     BCF     QUAL_CANAL
                      00274     
009F   1E20           00275     BTFSS   MUDEI_CANAL
00A0   15A0           00276     BSF     QUAL_CANAL
                      00277     
00A1   0008           00278     RETURN
                      00279     
00A2                  00280 CANCELA_RUIDO_HIST
00A2   1D06           00281     BTFSS   BTN_HIST_ADD
00A3   00AA           00282     MOVWF   FILTRO
                      00283     
00A4   1D86           00284     BTFSS   BTN_HIST_SUB
00A5   00AA           00285     MOVWF   FILTRO
                      00286     
00A6   0BAA           00287     DECFSZ  FILTRO,F
00A7   2???           00288     GOTO    CANCELA_RUIDO_HIST
                      00289     
00A8   0008           00290     RETURN
                      00291     
00A9                  00292 HIST_ADD
00A9   3064           00293     MOVLW   .100
00AA   00AA           00294     MOVWF    FILTRO
00AB   2???           00295     CALL    CANCELA_RUIDO_HIST
                      00296     
00AC   0AAC           00297     INCF    HISTERESE,F
                      00298     
00AD   300B           00299     MOVLW   .11
                      00300     
00AE   022C           00301     SUBWF   HISTERESE,W
                      00302     
MPASM 5.71           PROVA_2_YURI_DUARTE.ASM   5-13-2024  16:20:55         PAGE  7


LOC  OBJECT CODE     LINE SOURCE TEXT
  VALUE

00AF   300A           00303     MOVLW   .10
                      00304     
00B0   1C03           00305     BTFSS   STATUS,C
00B1   00AC           00306     MOVWF   HISTERESE
                      00307     
00B2   0008           00308     RETURN
                      00309     
00B3                  00310 HIST_SUB
00B3   3064           00311     MOVLW   .100
00B4   00AA           00312     MOVWF    FILTRO
00B5   2???           00313     CALL    CANCELA_RUIDO_HIST
                      00314     
00B6   0BAC           00315     DECFSZ  HISTERESE,F
00B7   0008           00316     RETURN
                      00317     
00B8   01AC           00318     CLRF    HISTERESE
00B9   0008           00319     RETURN
                      00320 
00BA                  00321 TROCA_DISPLAY
00BA   1020           00322     BCF     INT_ATIVA       ;INT_ATIVA = 0   
00BB   1E06           00323     BTFSS   D_UNIDADE       ;testa se o display da UNIDADE está acesso
00BC   2???           00324     GOTO    TESTA_DEZENA    ;se UNIDADE não estiver acesa, pula para TESTA_DEZENA
00BD                  00325 ACENDE_DEZENA
00BD   1206           00326     BCF     D_UNIDADE       ;apaga o display da UNIDADE
00BE   0823           00327     MOVF    DEZENA,W        ;W = DEZENA
00BF   2???           00328     CALL    BUSCA_CODIGO    ;chama a subrotina para buscar o código de 7 segmentos
00C0   0088           00329     MOVWF   DISPLAYS        ;DISPLAYS = W (código de 7 segmentos)
00C1   1686           00330     BSF     D_DEZENA        ;ativa o display da DEZENA
00C2   0008           00331     RETURN                  ;retorna da chamada de subrotina
00C3                  00332 TESTA_DEZENA
00C3   1E86           00333     BTFSS   D_DEZENA        ;testa se o display da DEZENA está acesso
00C4   2???           00334     GOTO    TESTA_CENTENA   ;se DEZENA não estiver acesa, pula para TESTA_CENTENA    
00C5   1286           00335     BCF     D_DEZENA        ;apaga o display da DEZENA
00C6   0824           00336     MOVF    CENTENA,W       ;W = CENTENA
00C7   2???           00337     CALL    BUSCA_CODIGO    ;chama a subrotina para buscar o código de 7 segmentos
00C8   0088           00338     MOVWF   DISPLAYS        ;DISPLAYS = W (código de 7 segmentos)
00C9   1706           00339     BSF     D_CENTENA       ;ativa o display da CENTENA
00CA   0008           00340     RETURN                  ;retorna da chamada de subrotina    
00CB                  00341 TESTA_CENTENA
00CB   1F06           00342     BTFSS   D_CENTENA       ;testa se o display da CENTENA está acesso
00CC   2???           00343     GOTO    TESTA_MILHAR    ;se CENTENA não estiver acesa, pula para TESTA_MILHAR    
00CD   1306           00344     BCF     D_CENTENA       ;apaga o display da CENTENA
00CE   0825           00345     MOVF    MILHAR,W        ;W = MILHAR
00CF   2???           00346     CALL    BUSCA_CODIGO    ;chama a subrotina para buscar o código de 7 segmentos
                      00347     ;MOVLW   B'11110110'    ;Escreve H no display
00D0   0088           00348     MOVWF   DISPLAYS        ;DISPLAYS = W (código de 7 segmentos)
00D1   1786           00349     BSF     D_MILHAR        ;ativa o display da MILHAR
00D2   0008           00350     RETURN                  ;retorna da chamada de subrotina     
00D3                  00351 TESTA_MILHAR    
00D3   1386           00352     BCF     D_MILHAR        ;apaga o display da MILHAR
00D4   0822           00353     MOVF    UNIDADE,W       ;W = UNIDADE
00D5   2???           00354     CALL    BUSCA_CODIGO    ;chama a subrotina para buscar o código de 7 segmentos
00D6   0088           00355     MOVWF   DISPLAYS        ;DISPLAYS = W (código de 7 segmentos)
MPASM 5.71           PROVA_2_YURI_DUARTE.ASM   5-13-2024  16:20:55         PAGE  8


LOC  OBJECT CODE     LINE SOURCE TEXT
  VALUE

00D7   1606           00356     BSF     D_UNIDADE       ;ativa o display da UNIDADE
00D8   0008           00357     RETURN                  ;retorna da chamada de subrotina
00D9                  00358 SUB_16_BITS
00D9   1120           00359     BCF     EH_NEGATIVO     ;
00DA   0830           00360     MOVF    Y_L,W           ;W = Y_L
00DB   022E           00361     SUBWF   X_L,W           ;W = X_L - Y_L
00DC   00B2           00362     MOVWF   R_L             ;R_L = X_L - Y_L
00DD   1C03           00363     BTFSS   STATUS,C        ;testa se o resutado foi negativo
00DE   1520           00364     BSF     EH_NEGATIVO     ;se negativo EH_NEGATIVO = 1
00DF   082F           00365     MOVF    Y_H,W           ;W = Y_H
00E0   022D           00366     SUBWF   X_H,W           ;W = X_H - Y_H
00E1   00B1           00367     MOVWF   R_H             ;R_H = X_H - Y_H
00E2   1C03           00368     BTFSS   STATUS,C        ;testa se o resutado foi negativo
00E3   2???           00369     GOTO    RES_NEGATIVO    ;se negativo pula para RES_NEGATIVO
00E4   1D20           00370     BTFSS   EH_NEGATIVO     ;testa se EH_NEGATIVO = 1
00E5   0008           00371     RETURN                  ;se não está ativo retorna
00E6   3001           00372     MOVLW   .1              ;W = 1
00E7   02B1           00373     SUBWF   R_H,F           ;RH = RH - 1
00E8   1C03           00374     BTFSS   STATUS,C        ;testa se o resutado foi negativo
00E9   0008           00375     RETURN                  ;se é negativo retorna
00EA   1120           00376     BCF     EH_NEGATIVO     ;EH_NEGATIVO = 0
00EB   0008           00377     RETURN                  ;retorna    
00EC                  00378 RES_NEGATIVO    
00EC   1520           00379     BSF     EH_NEGATIVO     ;EH_NEGATIVO = 1
00ED   0008           00380     RETURN                  ;retorna   
                      00381     
3F71                  00382     END
MPASM 5.71           PROVA_2_YURI_DUARTE.ASM   5-13-2024  16:20:55         PAGE  9


SYMBOL TABLE
  LABEL                             VALUE 

ACENDE_DEZENA                     000000BD
ACKDT                             00000005
ACKEN                             00000004
ACKSTAT                           00000006
ADCON0                            0000001F
ADCON1                            0000009F
ADCS0                             00000006
ADCS1                             00000007
ADCS2                             00000006
ADDEN                             00000003
ADFM                              00000007
ADIE                              00000006
ADIF                              00000006
ADON                              00000000
ADRESH                            0000001E
ADRESL                            0000009E
AJUSTA_CANAL0                     00000081
ATIVA_CONVERSAO                   00000049
AUXILIAR                          0000002B
BANK0                             BCF STATUS,RP0
BANK1                             BSF STATUS,RP0
BCLIE                             00000003
BCLIF                             00000003
BF                                00000000
BRGH                              00000002
BTN_HEATER                        PORTB,0
BTN_HIST_ADD                      PORTB,2
BTN_HIST_SUB                      PORTB,3
BUSCA_CODIGO                      00000016
C                                 00000000
C1INV                             00000004
C1OUT                             00000006
C2INV                             00000005
C2OUT                             00000007
CANCELA_RUIDO_DISPLAY             00000093
CANCELA_RUIDO_HEATER              00000083
CANCELA_RUIDO_HIST                000000A2
CCP1CON                           00000017
CCP1IE                            00000002
CCP1IF                            00000002
CCP1M0                            00000000
CCP1M1                            00000001
CCP1M2                            00000002
CCP1M3                            00000003
CCP1X                             00000005
CCP1Y                             00000004
CCP2CON                           0000001D
CCP2IE                            00000000
CCP2IF                            00000000
CCP2M0                            00000000
CCP2M1                            00000001
CCP2M2                            00000002
CCP2M3                            00000003
MPASM 5.71           PROVA_2_YURI_DUARTE.ASM   5-13-2024  16:20:55         PAGE 10


SYMBOL TABLE
  LABEL                             VALUE 

CCP2X                             00000005
CCP2Y                             00000004
CCPR1                             00000015
CCPR1H                            00000016
CCPR1L                            00000015
CCPR2                             0000001B
CCPR2H                            0000001C
CCPR2L                            0000001B
CENTENA                           00000024
CHS0                              00000003
CHS1                              00000004
CHS2                              00000005
CIS                               00000003
CKE                               00000006
CKP                               00000004
CM0                               00000000
CM1                               00000001
CM2                               00000002
CMCON                             0000009C
CMIE                              00000006
CMIF                              00000006
CONTADOR                          00000021
CREN                              00000004
CSRC                              00000007
CVR0                              00000000
CVR1                              00000001
CVR2                              00000002
CVR3                              00000003
CVRCON                            0000009D
CVREN                             00000007
CVROE                             00000006
CVRR                              00000005
D                                 00000005
DATA_ADDRESS                      00000005
DC                                00000001
DEZENA                            00000023
DISPLAYS                          PORTD
D_A                               00000005
D_CENTENA                         PORTB,6
D_DEZENA                          PORTB,5
D_MILHAR                          PORTB,7
D_NOT_A                           00000005
D_UNIDADE                         PORTB,4
EEADR                             0000010D
EEADRH                            0000010F
EECON1                            0000018C
EECON2                            0000018D
EEDATA                            0000010C
EEDATH                            0000010E
EEIE                              00000004
EEIF                              00000004
EEPGD                             00000007
EH_NEGATIVO                       FLAGS,2
MPASM 5.71           PROVA_2_YURI_DUARTE.ASM   5-13-2024  16:20:55         PAGE 11


SYMBOL TABLE
  LABEL                             VALUE 

EXTRAI_CENTENA                    00000065
EXTRAI_DEZENA                     00000077
EXTRAI_MILHAR                     00000053
F                                 00000001
FERR                              00000002
FILTRO                            0000002A
FIM_TEMPO                         FLAGS,1
FLAGS                             00000020
FSR                               00000004
GCEN                              00000007
GIE                               00000007
GO                                00000002
GO_DONE                           00000002
GO_NOT_DONE                       00000002
HEATER                            PORTC,2
HISTERESE                         0000002C
HIST_ADD                          000000A9
HIST_SUB                          000000B3
I2C_DATA                          00000005
I2C_READ                          00000002
I2C_START                         00000003
I2C_STOP                          00000004
IBF                               00000007
IBOV                              00000005
INDF                              00000000
INICIO                            00000021
INTCON                            0000000B
INTE                              00000004
INTEDG                            00000006
INTF                              00000001
INT_ATIVA                         FLAGS,0
IRP                               00000007
LACO_PRINCIPAL                    00000039
MILHAR                            00000025
MUDA_HEATER                       00000088
MUDEI_CANAL                       FLAGS,4
MUDEI_HEATER                      FLAGS,5
NOT_A                             00000005
NOT_ADDRESS                       00000005
NOT_BO                            00000000
NOT_BOR                           00000000
NOT_DONE                          00000002
NOT_PD                            00000003
NOT_POR                           00000001
NOT_RBPU                          00000007
NOT_RC8                           00000006
NOT_T1SYNC                        00000002
NOT_TO                            00000004
NOT_TX8                           00000006
NOT_W                             00000002
NOT_WRITE                         00000002
OBF                               00000006
OERR                              00000001
MPASM 5.71           PROVA_2_YURI_DUARTE.ASM   5-13-2024  16:20:55         PAGE 12


SYMBOL TABLE
  LABEL                             VALUE 

OPTION_REG                        00000081
P                                 00000004
PCFG0                             00000000
PCFG1                             00000001
PCFG2                             00000002
PCFG3                             00000003
PCL                               00000002
PCLATH                            0000000A
PCON                              0000008E
PEIE                              00000006
PEN                               00000002
PIE1                              0000008C
PIE2                              0000008D
PIR1                              0000000C
PIR2                              0000000D
PORTA                             00000005
PORTB                             00000006
PORTC                             00000007
PORTD                             00000008
PORTE                             00000009
PR2                               00000092
PS0                               00000000
PS1                               00000001
PS2                               00000002
PSA                               00000003
PSPIE                             00000007
PSPIF                             00000007
PSPMODE                           00000004
QUAL_CANAL                        FLAGS,3
R                                 00000002
RA0                               00000000
RA1                               00000001
RA2                               00000002
RA3                               00000003
RA4                               00000004
RA5                               00000005
RB0                               00000000
RB1                               00000001
RB2                               00000002
RB3                               00000003
RB4                               00000004
RB5                               00000005
RB6                               00000006
RB7                               00000007
RBIE                              00000003
RBIF                              00000000
RC0                               00000000
RC1                               00000001
RC2                               00000002
RC3                               00000003
RC4                               00000004
RC5                               00000005
RC6                               00000006
MPASM 5.71           PROVA_2_YURI_DUARTE.ASM   5-13-2024  16:20:55         PAGE 13


SYMBOL TABLE
  LABEL                             VALUE 

RC7                               00000007
RC8_9                             00000006
RC9                               00000006
RCD8                              00000000
RCEN                              00000003
RCIE                              00000005
RCIF                              00000005
RCREG                             0000001A
RCSTA                             00000018
RD                                00000000
RD0                               00000000
RD1                               00000001
RD2                               00000002
RD3                               00000003
RD4                               00000004
RD5                               00000005
RD6                               00000006
RD7                               00000007
RE0                               00000000
RE1                               00000001
RE2                               00000002
READ_WRITE                        00000002
RES_NEGATIVO                      000000EC
RP0                               00000005
RP1                               00000006
RSEN                              00000001
RX9                               00000006
RX9D                              00000000
R_H                               00000031
R_L                               00000032
R_NOT_W                           00000002
R_W                               00000002
S                                 00000003
SAI_INTERRUPCAO                   00000012
SEN                               00000000
SMP                               00000007
SPBRG                             00000099
SPEN                              00000007
SREN                              00000005
SSPADD                            00000093
SSPBUF                            00000013
SSPCON                            00000014
SSPCON2                           00000091
SSPEN                             00000005
SSPIE                             00000003
SSPIF                             00000003
SSPM0                             00000000
SSPM1                             00000001
SSPM2                             00000002
SSPM3                             00000003
SSPOV                             00000006
SSPSTAT                           00000094
STATUS                            00000003
MPASM 5.71           PROVA_2_YURI_DUARTE.ASM   5-13-2024  16:20:55         PAGE 14


SYMBOL TABLE
  LABEL                             VALUE 

STATUS_TEMP                       00000029
SUB_16_BITS                       000000D9
SYNC                              00000004
T0CS                              00000005
T0IE                              00000005
T0IF                              00000002
T0SE                              00000004
T1CKPS0                           00000004
T1CKPS1                           00000005
T1CON                             00000010
T1INSYNC                          00000002
T1OSCEN                           00000003
T1SYNC                            00000002
T2CKPS0                           00000000
T2CKPS1                           00000001
T2CON                             00000012
TESTA_CENTENA                     000000CB
TESTA_DEZENA                      000000C3
TESTA_FIM                         0000004A
TESTA_MILHAR                      000000D3
TMR0                              00000001
TMR0IE                            00000005
TMR0IF                            00000002
TMR1                              0000000E
TMR1CS                            00000001
TMR1H                             0000000F
TMR1IE                            00000000
TMR1IF                            00000000
TMR1L                             0000000E
TMR1ON                            00000000
TMR2                              00000011
TMR2IE                            00000001
TMR2IF                            00000001
TMR2ON                            00000002
TOUTPS0                           00000003
TOUTPS1                           00000004
TOUTPS2                           00000005
TOUTPS3                           00000006
TRATA_CENTENA                     00000064
TRATA_DEZENA                      00000076
TRATA_UNIDADE                     0000007E
TRISA                             00000085
TRISA0                            00000000
TRISA1                            00000001
TRISA2                            00000002
TRISA3                            00000003
TRISA4                            00000004
TRISA5                            00000005
TRISB                             00000086
TRISB0                            00000000
TRISB1                            00000001
TRISB2                            00000002
TRISB3                            00000003
MPASM 5.71           PROVA_2_YURI_DUARTE.ASM   5-13-2024  16:20:55         PAGE 15


SYMBOL TABLE
  LABEL                             VALUE 

TRISB4                            00000004
TRISB5                            00000005
TRISB6                            00000006
TRISB7                            00000007
TRISC                             00000087
TRISC0                            00000000
TRISC1                            00000001
TRISC2                            00000002
TRISC3                            00000003
TRISC4                            00000004
TRISC5                            00000005
TRISC6                            00000006
TRISC7                            00000007
TRISD                             00000088
TRISD0                            00000000
TRISD1                            00000001
TRISD2                            00000002
TRISD3                            00000003
TRISD4                            00000004
TRISD5                            00000005
TRISD6                            00000006
TRISD7                            00000007
TRISE                             00000089
TRISE0                            00000000
TRISE1                            00000001
TRISE2                            00000002
TRMT                              00000001
TROCA_CANAL                       00000098
TROCA_D                           PORTB,1
TROCA_DISPLAY                     000000BA
TX8_9                             00000006
TX9                               00000006
TX9D                              00000000
TXD8                              00000000
TXEN                              00000005
TXIE                              00000004
TXIF                              00000004
TXREG                             00000019
TXSTA                             00000098
UA                                00000001
UNIDADE                           00000022
VALOR_ADC_H                       00000026
VALOR_ADC_L                       00000027
V_CONT                            000000FA
V_TMR0                            00000006
W                                 00000000
WCOL                              00000007
WR                                00000001
WREN                              00000002
WRERR                             00000003
W_TEMP                            00000028
X_H                               0000002D
X_L                               0000002E
MPASM 5.71           PROVA_2_YURI_DUARTE.ASM   5-13-2024  16:20:55         PAGE 16


SYMBOL TABLE
  LABEL                             VALUE 

Y_H                               0000002F
Y_L                               00000030
Z                                 00000002
_BODEN_OFF                        00003FBF
_BODEN_ON                         00003FFF
_BOREN_OFF                        00003FBF
_BOREN_ON                         00003FFF
_CONFIG                           00002007
_CPD_OFF                          00003FFF
_CPD_ON                           00003EFF
_CP_ALL                           00001FFF
_CP_OFF                           00003FFF
_CP_ON                            00001FFF
_DEBUG_OFF                        00003FFF
_DEBUG_ON                         000037FF
_DEVID1                           00002006
_FOSC_EXTRC                       00003FFF
_FOSC_HS                          00003FFE
_FOSC_LP                          00003FFC
_FOSC_XT                          00003FFD
_HS_OSC                           00003FFE
_IDLOC0                           00002000
_IDLOC1                           00002001
_IDLOC2                           00002002
_IDLOC3                           00002003
_ISR_004B                         0000004B
_LP_OSC                           00003FFC
_LVP_OFF                          00003F7F
_LVP_ON                           00003FFF
_PWRTE_OFF                        00003FFF
_PWRTE_ON                         00003FF7
_RC_OSC                           00003FFF
_WDTE_OFF                         00003FFB
_WDTE_ON                          00003FFF
_WDT_OFF                          00003FFB
_WDT_ON                           00003FFF
_WRT_1FOURTH                      00003BFF
_WRT_256                          00003DFF
_WRT_HALF                         000039FF
_WRT_OFF                          00003FFF
_XT_OSC                           00003FFD
__16F877A                         00000001

Errors   :     0
Warnings :     0 reported,     0 suppressed
Messages :     6 reported,     0 suppressed

