MPASM 5.71              NEWPIC_8B_SIMPLE.ASM   4-16-2024  20:26:31         PAGE  1


LOC  OBJECT CODE     LINE SOURCE TEXT
  VALUE

                      00001 ;Modificar o programa contador de 0 a 9, para interface McLab1, para realizar as seguintes tarefas:
                      00002 ;- o botão RA1 reinicializa a sequência, ou seja, volta a indicar "zero" no display;
                      00003 ;- o botão RA2, contagem progressiva, a cada acionamento do botão;
                      00004 ;- o botão RA3, contagem regressiva, a cada acionamento do botão;
                      00005 ;- o botão RA1 tem prioridade sobre os outros, ou seja, se ele estiver pressionado o contador não conta 
                            para cima nem para baixo.
                      00006     
                      00007 #include "p16f628a.inc"
                      00001         LIST
                      00002 
                      00003 ;==========================================================================
                      00004 ; Build date : Nov 17 2016
                      00005 ;  MPASM PIC16F628A processor include
                      00006 ; 
                      00007 ;  (c) Copyright 1999-2016 Microchip Technology, All rights reserved
                      00008 ;==========================================================================
                      00009 
                      00386         LIST
                      00008 
                      00009 ; CONFIG
                      00010 ; __config 0xFF70
2007   3F70           00011  __CONFIG _FOSC_INTOSCIO & _WDTE_OFF & _PWRTE_ON & _MCLRE_ON & _BOREN_ON & _LVP_OFF & _CPD_OFF & _CP_OFF
                      00012  
                      00013 ;Definição das entradas
                      00014  #define    BOTAO_ZERA      PORTA,1
                      00015  #define    BOTAO_PROG      PORTA,2
                      00016  #define    BOTAO_REGR      PORTA,3
                      00017  
                      00018 ;Definição de variáveis
                      00019  CBLOCK 0X20
  00000020            00020     COD_NUM_DISPLAY                     ;0X20
  00000021            00021     FILTRO                              ;0X21
                      00022  ENDC
                      00023  
                      00024 ;Definição de saídas
                      00025  #define    DISPLAY         PORTB
                      00026 
                      00027 RES_VECT  CODE    0x0000                ; processor reset vector
0000   1683           00028     BSF     STATUS,RP0                  ;Seleciona o banco 01
0001   3000           00029     MOVLW   B'00000000'                 ;W = B'00000000'
Message[302]: Register in operand not in bank 0.  Ensure that bank bits are correct.
0002   0086           00030     MOVWF   TRISB                       ;Todas as portas B são saída
Message[302]: Register in operand not in bank 0.  Ensure that bank bits are correct.
0003   1005           00031     BCF     TRISA,0                     ;Define PORTA,0 como saída
0004   1283           00032     BCF     STATUS,RP0                  ;Volta pro banco 00
0005   3001           00033     MOVLW   B'00000001'                 ;W = B'00000001'
0006   01A0           00034     CLRF    COD_NUM_DISPLAY             ;COD_NUM_DISPLAY = 1
0007   2???           00035     GOTO    ZERAR
                      00036     
0008                  00037 MAIN
0008   1D05           00038     BTFSS   BOTAO_PROG                  ;Testa se o botão foi apertado, se não ele pula
0009   2???           00039     GOTO    INCREMENTA                  ;Chama a função para incrementar 1 no display
000A   1D85           00040     BTFSS   BOTAO_REGR                  ;Testa se o botão foi apertado, se não ele pula
MPASM 5.71              NEWPIC_8B_SIMPLE.ASM   4-16-2024  20:26:31         PAGE  2


LOC  OBJECT CODE     LINE SOURCE TEXT
  VALUE

000B   2???           00041     GOTO    DECREMENTA                  ;Chama a função para decrementar 1 no display
000C   1C85           00042     BTFSS   BOTAO_ZERA                  ;Testa se o botão foi apertado, se não ele pula
000D   2???           00043     GOTO    ZERAR                       ;Chama a função que zera o display
                      00044     
000E   2???           00045     GOTO    MAIN                        ;Volta pro loop
                      00046     
000F                  00047 CANCELA_RUIDO_PROG    
000F   1D05           00048     BTFSS   BOTAO_PROG                  ;Testa se o botão foi pressionado novamente
0010   00A1           00049     MOVWF   FILTRO                      ;Se ele entendeu que foi pressionado, o filtro reseta
                      00050     
0011   1C85           00051     BTFSS   BOTAO_ZERA                  ;Testa se o botão foi apertado, se não ele pula
0012   2???           00052     GOTO    ZERAR                       ;Se ele foi apertado, como o Zerar tem prioridade, ele zera
                      00053     
0013   0BA1           00054     DECFSZ  FILTRO,F                    ;Filtro--; se Filtro == 0 ele pula a instrução
0014   2???           00055     GOTO    CANCELA_RUIDO_PROG          ;Se não ele vai voltar e continuar o teste
                      00056     
0015   0008           00057     RETURN                              ;Volta para onde a subrotina foi chamada
                      00058     
0016                  00059 INCREMENTA
0016   3064           00060     MOVLW   .100                        ;Coloca em W quantas vezes o filtro vai testar se o botão tá pre
                            ssionado
0017   2???           00061     CALL    CANCELA_RUIDO_PROG          ;Testa se os ruidos acabaram
                      00062     
0018   0AA0           00063     INCF    COD_NUM_DISPLAY,F           ;COD_NUM_DISPLAY++
0019   0820           00064     MOVF    COD_NUM_DISPLAY,W           ;W = COD_NUM_DISPLAY
001A   2???           00065     CALL    BUSCA_CODIGO                ;Procura o código
001B   0086           00066     MOVWF   DISPLAY                     ;Coloca o número no display
                      00067     
001C   2???           00068     GOTO    MAIN                        ;Volta pro loop
                      00069     
001D                  00070 CANCELA_RUIDO_REGR    
001D   1D85           00071     BTFSS   BOTAO_REGR                  ;Testa se o botão foi pressionado novamente
001E   00A1           00072     MOVWF   FILTRO                      ;Se ele entendeu que foi pressionado, o filtro reseta
                      00073     
001F   1C85           00074     BTFSS   BOTAO_ZERA                  ;Testa se o botão foi apertado, se não ele pula
0020   2???           00075     GOTO    ZERAR                       ;Se ele foi apertado, como o Zerar tem prioridade, ele zera
                      00076     
0021   0BA1           00077     DECFSZ  FILTRO,F                    ;Filtro--; se Filtro == 0 ele pula a instrução
0022   2???           00078     GOTO    CANCELA_RUIDO_REGR          ;Se não ele vai voltar e continuar o teste
                      00079     
0023   0008           00080     RETURN                              ;Volta para onde a subrotina foi chamada
                      00081     
0024                  00082 DECREMENTA
0024   3064           00083     MOVLW   .100                        ;Coloca em W quantas vezes o filtro vai testar se o botão tá pre
                            ssionado
0025   2???           00084     CALL    CANCELA_RUIDO_REGR          ;Testa se os ruidos acabaram
                      00085     
                      00086     ;MOVLW   .0                         ;Zera W
                      00087         
0026   03A0           00088     DECF    COD_NUM_DISPLAY,F    
0027   0820           00089     MOVF    COD_NUM_DISPLAY,W
0028   2???           00090     CALL    BUSCA_CODIGO
0029   0086           00091     MOVWF   DISPLAY
MPASM 5.71              NEWPIC_8B_SIMPLE.ASM   4-16-2024  20:26:31         PAGE  3


LOC  OBJECT CODE     LINE SOURCE TEXT
  VALUE

                      00092     
002A   2???           00093     GOTO    MAIN
                      00094     
002B                  00095 ZERAR
002B   30FE           00096     MOVLW   B'11111110'                 ;W = B'11111110' || .254
002C   0086           00097     MOVWF   DISPLAY                     ;DISPLAY = W | Display mostrará 0
002D   3001           00098     MOVLW   B'00000001'
002E   00A0           00099     MOVWF   COD_NUM_DISPLAY
                      00100     
002F   2???           00101     GOTO    MAIN
                      00102     
0030                  00103 MAXIMIZAR
0030   300A           00104     MOVLW   .10
0031   00A0           00105     MOVWF   COD_NUM_DISPLAY
0032   2???           00106     CALL    BUSCA_CODIGO
0033   0086           00107     MOVWF   DISPLAY
                      00108     
0034   2???           00109     GOTO    MAIN
                      00110     
0035                  00111 BUSCA_CODIGO
0035   0782           00112     ADDWF   PCL,F                       ;Incrementa o PC (Program Counter)
0036   2???           00113     GOTO    MAXIMIZAR                   ;Código: 0  | Volta o Display para "9"
0037   34FE           00114     RETLW   .254                        ;Código: 1  | Escreve "0" no display
0038   3438           00115     RETLW   .56                         ;Código: 2  | Escreve "1" no display
0039   34DD           00116     RETLW   .221                        ;Código: 3  | Escreve "2" no display
003A   347D           00117     RETLW   .125                        ;Código: 4  | Escreve "3" no display
003B   343B           00118     RETLW   .59                         ;Código: 5  | Escreve "4" no display
003C   3477           00119     RETLW   .119                        ;Código: 6  | Escreve "5" no display
003D   34F7           00120     RETLW   .247                        ;Código: 7  | Escreve "6" no display
003E   343C           00121     RETLW   .60                         ;Código: 8  | Escreve "7" no display
003F   34FF           00122     RETLW   .255                        ;Código: 9  | Escreve "8" no display
0040   347F           00123     RETLW   .127                        ;Código: 10 | Escreve "9" no display
0041   2???           00124     GOTO    ZERAR                       ;Código: 11 | Volta o display para "0"
                      00125 
3F70                  00126     END
MPASM 5.71              NEWPIC_8B_SIMPLE.ASM   4-16-2024  20:26:31         PAGE  4


SYMBOL TABLE
  LABEL                             VALUE 

ADDEN                             00000003
ADEN                              00000003
BOTAO_PROG                        PORTA,2
BOTAO_REGR                        PORTA,3
BOTAO_ZERA                        PORTA,1
BRGH                              00000002
BUSCA_CODIGO                      00000035
C                                 00000000
C1INV                             00000004
C1OUT                             00000006
C2INV                             00000005
C2OUT                             00000007
CANCELA_RUIDO_PROG                0000000F
CANCELA_RUIDO_REGR                0000001D
CCP1CON                           00000017
CCP1IE                            00000002
CCP1IF                            00000002
CCP1M0                            00000000
CCP1M1                            00000001
CCP1M2                            00000002
CCP1M3                            00000003
CCP1X                             00000005
CCP1Y                             00000004
CCPR1                             00000015
CCPR1H                            00000016
CCPR1L                            00000015
CIS                               00000003
CM0                               00000000
CM1                               00000001
CM2                               00000002
CMCON                             0000001F
CMIE                              00000006
CMIF                              00000006
COD_NUM_DISPLAY                   00000020
CREN                              00000004
CSRC                              00000007
DATA_CP_OFF                       00003FFF
DATA_CP_ON                        00003EFF
DC                                00000001
DECREMENTA                        00000024
DISPLAY                           PORTB
EEADR                             0000009B
EECON1                            0000009C
EECON2                            0000009D
EEDATA                            0000009A
EEIE                              00000007
EEIF                              00000007
F                                 00000001
FERR                              00000002
FILTRO                            00000021
FSR                               00000004
GIE                               00000007
INCREMENTA                        00000016
MPASM 5.71              NEWPIC_8B_SIMPLE.ASM   4-16-2024  20:26:31         PAGE  5


SYMBOL TABLE
  LABEL                             VALUE 

INDF                              00000000
INTCON                            0000000B
INTE                              00000004
INTEDG                            00000006
INTF                              00000001
IRP                               00000007
MAIN                              00000008
MAXIMIZAR                         00000030
NOT_BO                            00000000
NOT_BOD                           00000000
NOT_BOR                           00000000
NOT_PD                            00000003
NOT_POR                           00000001
NOT_RBPU                          00000007
NOT_T1SYNC                        00000002
NOT_TO                            00000004
OERR                              00000001
OPTION_REG                        00000081
OSCF                              00000003
PCL                               00000002
PCLATH                            0000000A
PCON                              0000008E
PEIE                              00000006
PIE1                              0000008C
PIR1                              0000000C
PORTA                             00000005
PORTB                             00000006
PR2                               00000092
PS0                               00000000
PS1                               00000001
PS2                               00000002
PSA                               00000003
RA0                               00000000
RA1                               00000001
RA2                               00000002
RA3                               00000003
RA4                               00000004
RA5                               00000005
RA6                               00000006
RA7                               00000007
RB0                               00000000
RB1                               00000001
RB2                               00000002
RB3                               00000003
RB4                               00000004
RB5                               00000005
RB6                               00000006
RB7                               00000007
RBIE                              00000003
RBIF                              00000000
RCIE                              00000005
RCIF                              00000005
RCREG                             0000001A
MPASM 5.71              NEWPIC_8B_SIMPLE.ASM   4-16-2024  20:26:31         PAGE  6


SYMBOL TABLE
  LABEL                             VALUE 

RCSTA                             00000018
RD                                00000000
RP0                               00000005
RP1                               00000006
RX9                               00000006
RX9D                              00000000
SPBRG                             00000099
SPEN                              00000007
SREN                              00000005
STATUS                            00000003
SYNC                              00000004
T0CS                              00000005
T0IE                              00000005
T0IF                              00000002
T0SE                              00000004
T1CKPS0                           00000004
T1CKPS1                           00000005
T1CON                             00000010
T1OSCEN                           00000003
T2CKPS0                           00000000
T2CKPS1                           00000001
T2CON                             00000012
TMR0                              00000001
TMR0IE                            00000005
TMR0IF                            00000002
TMR1                              0000000E
TMR1CS                            00000001
TMR1H                             0000000F
TMR1IE                            00000000
TMR1IF                            00000000
TMR1L                             0000000E
TMR1ON                            00000000
TMR2                              00000011
TMR2IE                            00000001
TMR2IF                            00000001
TMR2ON                            00000002
TOUTPS0                           00000003
TOUTPS1                           00000004
TOUTPS2                           00000005
TOUTPS3                           00000006
TRISA                             00000085
TRISA0                            00000000
TRISA1                            00000001
TRISA2                            00000002
TRISA3                            00000003
TRISA4                            00000004
TRISA5                            00000005
TRISA6                            00000006
TRISA7                            00000007
TRISB                             00000086
TRISB0                            00000000
TRISB1                            00000001
TRISB2                            00000002
MPASM 5.71              NEWPIC_8B_SIMPLE.ASM   4-16-2024  20:26:31         PAGE  7


SYMBOL TABLE
  LABEL                             VALUE 

TRISB3                            00000003
TRISB4                            00000004
TRISB5                            00000005
TRISB6                            00000006
TRISB7                            00000007
TRMT                              00000001
TX9                               00000006
TX9D                              00000000
TXEN                              00000005
TXIE                              00000004
TXIF                              00000004
TXREG                             00000019
TXSTA                             00000098
VR0                               00000000
VR1                               00000001
VR2                               00000002
VR3                               00000003
VRCON                             0000009F
VREN                              00000007
VROE                              00000006
VRR                               00000005
W                                 00000000
WR                                00000001
WREN                              00000002
WRERR                             00000003
Z                                 00000002
ZERAR                             0000002B
_BODEN_OFF                        00003FBF
_BODEN_ON                         00003FFF
_BOREN_OFF                        00003FBF
_BOREN_ON                         00003FFF
_CONFIG                           00002007
_CPD_OFF                          00003FFF
_CPD_ON                           00003EFF
_CP_OFF                           00003FFF
_CP_ON                            00001FFF
_DEVID1                           00002006
_ER_OSC_CLKOUT                    00003FFF
_ER_OSC_NOCLKOUT                  00003FFE
_EXTCLK_OSC                       00003FEF
_FOSC_ECIO                        00003FEF
_FOSC_EXTRCCLK                    00003FFF
_FOSC_EXTRCIO                     00003FFE
_FOSC_HS                          00003FEE
_FOSC_INTOSCCLK                   00003FFD
_FOSC_INTOSCIO                    00003FFC
_FOSC_LP                          00003FEC
_FOSC_XT                          00003FED
_HS_OSC                           00003FEE
_IDLOC0                           00002000
_IDLOC1                           00002001
_IDLOC2                           00002002
_IDLOC3                           00002003
MPASM 5.71              NEWPIC_8B_SIMPLE.ASM   4-16-2024  20:26:31         PAGE  8


SYMBOL TABLE
  LABEL                             VALUE 

_INTOSC_OSC_CLKOUT                00003FFD
_INTOSC_OSC_NOCLKOUT              00003FFC
_INTRC_OSC_CLKOUT                 00003FFD
_INTRC_OSC_NOCLKOUT               00003FFC
_LP_OSC                           00003FEC
_LVP_OFF                          00003F7F
_LVP_ON                           00003FFF
_MCLRE_OFF                        00003FDF
_MCLRE_ON                         00003FFF
_PWRTE_OFF                        00003FFF
_PWRTE_ON                         00003FF7
_RC_OSC_CLKOUT                    00003FFF
_RC_OSC_NOCLKOUT                  00003FFE
_WDTE_OFF                         00003FFB
_WDTE_ON                          00003FFF
_WDT_OFF                          00003FFB
_WDT_ON                           00003FFF
_XT_OSC                           00003FED
__16F628A                         00000001

Errors   :     0
Warnings :     0 reported,     0 suppressed
Messages :     2 reported,     0 suppressed

